2015-02-09 19:07:50 [127.0.0.1][-][-][error][yii\db\Exception] exception 'PDOException' with message 'SQLSTATE[HY000] [2002] No se puede establecer una conexión ya que el equipo de destino denegó expresamente dicha conexión.
' in C:\Apache24\htdocs\eurekaca\vendor\yiisoft\yii2\db\Connection.php:579
Stack trace:
#0 C:\Apache24\htdocs\eurekaca\vendor\yiisoft\yii2\db\Connection.php(579): PDO->__construct('mysql:host=loca...', 'root', '', NULL)
#1 C:\Apache24\htdocs\eurekaca\vendor\yiisoft\yii2\db\Connection.php(529): yii\db\Connection->createPdoInstance()
#2 C:\Apache24\htdocs\eurekaca\vendor\yiisoft\yii2\db\Connection.php(836): yii\db\Connection->open()
#3 C:\Apache24\htdocs\eurekaca\vendor\yiisoft\yii2\db\Connection.php(823): yii\db\Connection->getMasterPdo()
#4 C:\Apache24\htdocs\eurekaca\vendor\yiisoft\yii2\db\Schema.php(382): yii\db\Connection->getSlavePdo()
#5 C:\Apache24\htdocs\eurekaca\vendor\yiisoft\yii2\db\Connection.php(732): yii\db\Schema->quoteValue('Socram')
#6 C:\Apache24\htdocs\eurekaca\vendor\yiisoft\yii2\db\Command.php(164): yii\db\Connection->quoteValue('Socram')
#7 C:\Apache24\htdocs\eurekaca\vendor\yiisoft\yii2\db\Command.php(791): yii\db\Command->getRawSql()
#8 C:\Apache24\htdocs\eurekaca\vendor\yiisoft\yii2\db\Command.php(376): yii\db\Command->queryInternal('fetchColumn', 0)
#9 C:\Apache24\htdocs\eurekaca\vendor\yiisoft\yii2\db\Query.php(347): yii\db\Command->queryScalar()
#10 C:\Apache24\htdocs\eurekaca\vendor\yiisoft\yii2\validators\UniqueValidator.php(111): yii\db\Query->exists()
#11 C:\Apache24\htdocs\eurekaca\vendor\yiisoft\yii2\validators\Validator.php(238): yii\validators\UniqueValidator->validateAttribute(Object(frontend\models\SignupForm), 'username')
#12 C:\Apache24\htdocs\eurekaca\vendor\yiisoft\yii2\base\Model.php(333): yii\validators\Validator->validateAttributes(Object(frontend\models\SignupForm), Array)
#13 C:\Apache24\htdocs\eurekaca\frontend\models\SignupForm.php(45): yii\base\Model->validate()
#14 C:\Apache24\htdocs\eurekaca\frontend\controllers\SiteController.php(123): frontend\models\SignupForm->signup()
#15 [internal function]: frontend\controllers\SiteController->actionSignup()
#16 C:\Apache24\htdocs\eurekaca\vendor\yiisoft\yii2\base\InlineAction.php(55): call_user_func_array(Array, Array)
#17 C:\Apache24\htdocs\eurekaca\vendor\yiisoft\yii2\base\Controller.php(151): yii\base\InlineAction->runWithParams(Array)
#18 C:\Apache24\htdocs\eurekaca\vendor\yiisoft\yii2\base\Module.php(455): yii\base\Controller->runAction('signup', Array)
#19 C:\Apache24\htdocs\eurekaca\vendor\yiisoft\yii2\web\Application.php(83): yii\base\Module->runAction('site/signup', Array)
#20 C:\Apache24\htdocs\eurekaca\vendor\yiisoft\yii2\base\Application.php(375): yii\web\Application->handleRequest(Object(yii\web\Request))
#21 C:\Apache24\htdocs\eurekaca\frontend\web\index.php(18): yii\base\Application->run()
#22 {main}

Next exception 'yii\db\Exception' with message 'SQLSTATE[HY000] [2002] No se puede establecer una conexión ya que el equipo de destino denegó expresamente dicha conexión.
' in C:\Apache24\htdocs\eurekaca\vendor\yiisoft\yii2\db\Connection.php:534
Stack trace:
#0 C:\Apache24\htdocs\eurekaca\vendor\yiisoft\yii2\db\Connection.php(836): yii\db\Connection->open()
#1 C:\Apache24\htdocs\eurekaca\vendor\yiisoft\yii2\db\Connection.php(823): yii\db\Connection->getMasterPdo()
#2 C:\Apache24\htdocs\eurekaca\vendor\yiisoft\yii2\db\Schema.php(382): yii\db\Connection->getSlavePdo()
#3 C:\Apache24\htdocs\eurekaca\vendor\yiisoft\yii2\db\Connection.php(732): yii\db\Schema->quoteValue('Socram')
#4 C:\Apache24\htdocs\eurekaca\vendor\yiisoft\yii2\db\Command.php(164): yii\db\Connection->quoteValue('Socram')
#5 C:\Apache24\htdocs\eurekaca\vendor\yiisoft\yii2\db\Command.php(791): yii\db\Command->getRawSql()
#6 C:\Apache24\htdocs\eurekaca\vendor\yiisoft\yii2\db\Command.php(376): yii\db\Command->queryInternal('fetchColumn', 0)
#7 C:\Apache24\htdocs\eurekaca\vendor\yiisoft\yii2\db\Query.php(347): yii\db\Command->queryScalar()
#8 C:\Apache24\htdocs\eurekaca\vendor\yiisoft\yii2\validators\UniqueValidator.php(111): yii\db\Query->exists()
#9 C:\Apache24\htdocs\eurekaca\vendor\yiisoft\yii2\validators\Validator.php(238): yii\validators\UniqueValidator->validateAttribute(Object(frontend\models\SignupForm), 'username')
#10 C:\Apache24\htdocs\eurekaca\vendor\yiisoft\yii2\base\Model.php(333): yii\validators\Validator->validateAttributes(Object(frontend\models\SignupForm), Array)
#11 C:\Apache24\htdocs\eurekaca\frontend\models\SignupForm.php(45): yii\base\Model->validate()
#12 C:\Apache24\htdocs\eurekaca\frontend\controllers\SiteController.php(123): frontend\models\SignupForm->signup()
#13 [internal function]: frontend\controllers\SiteController->actionSignup()
#14 C:\Apache24\htdocs\eurekaca\vendor\yiisoft\yii2\base\InlineAction.php(55): call_user_func_array(Array, Array)
#15 C:\Apache24\htdocs\eurekaca\vendor\yiisoft\yii2\base\Controller.php(151): yii\base\InlineAction->runWithParams(Array)
#16 C:\Apache24\htdocs\eurekaca\vendor\yiisoft\yii2\base\Module.php(455): yii\base\Controller->runAction('signup', Array)
#17 C:\Apache24\htdocs\eurekaca\vendor\yiisoft\yii2\web\Application.php(83): yii\base\Module->runAction('site/signup', Array)
#18 C:\Apache24\htdocs\eurekaca\vendor\yiisoft\yii2\base\Application.php(375): yii\web\Application->handleRequest(Object(yii\web\Request))
#19 C:\Apache24\htdocs\eurekaca\frontend\web\index.php(18): yii\base\Application->run()
#20 {main}
Additional Information:

2015-02-09 19:07:48 [127.0.0.1][-][-][info][application] $_GET = [
    'r' => 'site/signup'
]

$_POST = [
    '_csrf' => 'WXlsc1Fhc3c3DzMWIAkZBxVKGxE4GTgCBj0UCgMlQ0UPCF4dDjseOQ=='
    'SignupForm' => [
        'username' => 'Socram'
        'email' => 'marcospha@gmail.com'
        'password' => '123456'
    ]
    'signup-button' => ''
]

$_COOKIE = [
    '_ga' => 'GA1.1.1861192029.1415307511'
    '_identity' => '1679b5de64472334db06341a12f61607464c6adb083d9332878e27339dce8efds:46:\"[1,\"9l0Ipq8uMC498otM8_3Nj0pUMpuYT0Rg\",2592000]\";'
    'language' => '30cdc35bafffd4821e6b0d8b9ed6cba4d89c6796s:2:\"en\";'
    'PHPSESSID' => '5te0b5suobmtcdff714r3apm41'
    'mysheet' => 'style2'
    '_csrf' => 'f0059a6e45610011ff2e535f5fdb28965c9575354422a8b04697d86b976ae94cs:32:\"nv_eqhjpL3wbixKu_DxyRD02Vq2n_ZmN\";'
]

$_SESSION = [
    '__flash' => []
    '__returnUrl' => '/eurekaca/backend/web/'
]

$_SERVER = [
    'HTTP_HOST' => 'localhost'
    'HTTP_USER_AGENT' => 'Mozilla/5.0 (Windows NT 6.1; WOW64; rv:37.0) Gecko/20100101 Firefox/37.0'
    'HTTP_ACCEPT' => 'text/html,application/xhtml+xml,application/xml;q=0.9,*/*;q=0.8'
    'HTTP_ACCEPT_LANGUAGE' => 'en-US,en;q=0.5'
    'HTTP_ACCEPT_ENCODING' => 'gzip, deflate'
    'HTTP_REFERER' => 'http://localhost/eurekaca/frontend/web/index.php?r=site%2Fsignup'
    'HTTP_COOKIE' => '_ga=GA1.1.1861192029.1415307511; _identity=1679b5de64472334db06341a12f61607464c6adb083d9332878e27339dce8efds%3A46%3A%22%5B1%2C%229l0Ipq8uMC498otM8_3Nj0pUMpuYT0Rg%22%2C2592000%5D%22%3B; language=30cdc35bafffd4821e6b0d8b9ed6cba4d89c6796s%3A2%3A%22en%22%3B; PHPSESSID=5te0b5suobmtcdff714r3apm41; mysheet=style2; _csrf=f0059a6e45610011ff2e535f5fdb28965c9575354422a8b04697d86b976ae94cs%3A32%3A%22nv_eqhjpL3wbixKu_DxyRD02Vq2n_ZmN%22%3B'
    'HTTP_CONNECTION' => 'keep-alive'
    'CONTENT_TYPE' => 'application/x-www-form-urlencoded'
    'CONTENT_LENGTH' => '189'
    'PATH' => 'C:\\oraclexe\\app\\oracle\\product\\11.2.0\\server\\bin;;C:\\ProgramData\\Oracle\\Java\\javapath;C:\\Program Files (x86)\\NVIDIA Corporation\\PhysX\\Common;C:\\Windows\\system32;C:\\Windows;C:\\Windows\\System32\\Wbem;C:\\Windows\\System32\\WindowsPowerShell\\v1.0\\;C:\\php;C:\\Apache24;C:\\Apache24\\bin;C:\\Users\\Marcos\\AppData\\Local\\Android\\android-sdk\\platform-tools;C:\\Program Files\\PostgreSQL\\9.3\\bin;C:\\ProgramData\\ComposerSetup\\bin;C:\\Program Files\\TortoiseSVN\\bin;C:\\Program Files\\MySQL\\MySQL Server 5.6\\bin;'
    'SystemRoot' => 'C:\\Windows'
    'COMSPEC' => 'C:\\Windows\\system32\\cmd.exe'
    'PATHEXT' => '.COM;.EXE;.BAT;.CMD;.VBS;.VBE;.JS;.JSE;.WSF;.WSH;.MSC'
    'WINDIR' => 'C:\\Windows'
    'SERVER_SIGNATURE' => ''
    'SERVER_SOFTWARE' => 'Apache/2.4.10 (Win64)'
    'SERVER_NAME' => 'localhost'
    'SERVER_ADDR' => '127.0.0.1'
    'SERVER_PORT' => '80'
    'REMOTE_ADDR' => '127.0.0.1'
    'DOCUMENT_ROOT' => 'C:/Apache24/htdocs'
    'REQUEST_SCHEME' => 'http'
    'CONTEXT_PREFIX' => ''
    'CONTEXT_DOCUMENT_ROOT' => 'C:/Apache24/htdocs'
    'SERVER_ADMIN' => 'admin@example.com'
    'SCRIPT_FILENAME' => 'C:/Apache24/htdocs/eurekaca/frontend/web/index.php'
    'REMOTE_PORT' => '62948'
    'GATEWAY_INTERFACE' => 'CGI/1.1'
    'SERVER_PROTOCOL' => 'HTTP/1.1'
    'REQUEST_METHOD' => 'POST'
    'QUERY_STRING' => 'r=site%2Fsignup'
    'REQUEST_URI' => '/eurekaca/frontend/web/index.php?r=site%2Fsignup'
    'SCRIPT_NAME' => '/eurekaca/frontend/web/index.php'
    'PHP_SELF' => '/eurekaca/frontend/web/index.php'
    'REQUEST_TIME_FLOAT' => 1423525068.772
    'REQUEST_TIME' => 1423525068
]
